/home/asoplc/public_html/pages/service/contactform.php
/home/asoplc/public_html/pages/info/affordability_calculator2.html
/home/asoplc/public_html/pages/property/index.php
/home/asoplc/public_html/pages/property/property_list.php
/home/asoplc/public_html/pages/property/property_images.php
/home/asoplc/public_html/asoplcv3/manage_news.php
/home/asoplc/public_html/asoplcv3/index.php
/home/asoplc/public_html/asoplcv3/content/cservice/branchlocations.php
/home/asoplc/public_html/asoplcv3/content/cservice/contact_3feb2011.php
/home/asoplc/public_html/asoplcv3/content/cservice/contactus.php
/home/asoplc/public_html/asoplcv3/content/cservice/quickfaqs.php
/home/asoplc/public_html/asoplcv3/content/cservice/faqs.php
/home/asoplc/public_html/asoplcv3/content/cservice/contact.php
/home/asoplc/public_html/asoplcv3/content/aboutus/careers.php
/home/asoplc/public_html/asoplcv3/content/aboutus/aso.php
/home/asoplc/public_html/asoplcv3/content/aboutus/management.php
/home/asoplc/public_html/asoplcv3/content/aboutus/community.php
/home/asoplc/public_html/asoplcv3/content/xtras/privacypolicy.php
/home/asoplc/public_html/asoplcv3/content/xtras/partners.php
/home/asoplc/public_html/asoplcv3/content/xtras/useragreement.php
/home/asoplc/public_html/asoplcv3/content/xtras/sitecredits.php
/home/asoplc/public_html/asoplcv3/content/xtras/fraudalert.php
/home/asoplc/public_html/asoplcv3/content/xtras/mortgage-calculator.php
/home/asoplc/public_html/asoplcv3/content/investors/coverageratings.php
/home/asoplc/public_html/asoplcv3/content/investors/corporate-govern.php
/home/asoplc/public_html/asoplcv3/content/investors/financials.php
/home/asoplc/public_html/asoplcv3/content/investors/boardofdirectors.php
/home/asoplc/public_html/asoplcv3/content/products/individual-banking.php
/home/asoplc/public_html/asoplcv3/content/products/smallbusiness-banking.php
/home/asoplc/public_html/asoplcv3/content/products/realestate-banking.php
/home/asoplc/public_html/asoplcv3/content/products/e-banking.php
/home/asoplc/public_html/asoplcv3/content/products/mortgage-banking.php
/home/asoplc/public_html/asoplcv3/content/products/product-summary.php
/home/asoplc/public_html/asoplcv3/content/products/mortgage-steps.php
/home/asoplc/public_html/asoplcv3/content/promotions/index.php
/home/asoplc/public_html/asoplcv3/content/property/index.php
/home/asoplc/public_html/asoplcv3/content/property/property_list.php
/home/asoplc/public_html/asoplcv3/content/property/property_images.php
/home/asoplc/public_html/asoplcv3/property_list.php
/home/asoplc/public_html/asoplcv3/property_images.php
/home/asoplc/public_html/asoplcv3/event.php
/home/asoplc/public_html/asoplcv3/property_list_.php
/home/asoplc/public_html/asoplcv3/eventss.php
/home/asoplc/public_html/asoplcv3/property_list__.php
/home/asoplc/public_html/asoplcv3/resources/flash/homechart/homechart.html
/home/asoplc/public_html/asoplcv3/resources/flash/mainbanner/newbanner.html
/home/asoplc/public_html/asoplcv3/resources/flash/mainbanner/asobanner.html
/home/asoplc/public_html/asoplcv3/resources/flash/mainbanner/asobanner2.html
/home/asoplc/public_html/asoplcv3/resources/flash/stockfeed/asostock.html
/home/asoplc/public_html/asoplcv3/events.php
/home/asoplc/public_html/asoplcv3/photo_gallery3.php
/home/asoplc/public_html/asoplcv3/indexold.php
/home/asoplc/public_html/asoplcv3/property_list___.php
/home/asoplc/public_html/search/admin/admin.php
/home/asoplc/public_html/search/admin/auth.php
/home/asoplc/public_html/search/admin/install.php
/home/asoplc/public_html/search/admin/messages.php
/home/asoplc/public_html/admin/index.php
/home/asoplc/public_html/admin/edit_news.php
/home/asoplc/public_html/admin/admin.php
/home/asoplc/public_html/admin/add_news.php
/home/asoplc/public_html/admin/view_news.php
